<?xml version="1.0" encoding="UTF-8"?>
<!-- Generated by org.testng.reporters.JUnitReportReporter -->
<testsuite hostname="CAHEAD" failures="0" tests="1" name="testngproj.testngproj.FurnitureSite" time="37.838" errors="0" timestamp="2024-03-21T07:54:55 GMT+02:00" skipped="0">
  <testcase classname="testngproj.testngproj.FurnitureSite" name="Test4" time="37.838"/>
  <system-out/>
</testsuite> <!-- testngproj.testngproj.FurnitureSite -->
