<?xml version="1.0" encoding="UTF-8"?>
<!-- Generated by org.testng.reporters.JUnitReportReporter -->
<testsuite hostname="CAHEAD" failures="0" tests="4" name="testngproj.testngproj.NewTest" time="27.699" errors="0" timestamp="2024-03-20T19:42:32 GMT+02:00" skipped="0">
  <testcase classname="testngproj.testngproj.NewTest" name="Test1" time="4.469"/>
  <system-out/>
  <testcase classname="testngproj.testngproj.NewTest" name="Test3" time="5.937"/>
  <system-out/>
  <testcase classname="testngproj.testngproj.NewTest" name="Test2" time="9.653"/>
  <system-out/>
  <testcase classname="testngproj.testngproj.NewTest" name="Test4" time="7.640"/>
  <system-out/>
</testsuite> <!-- testngproj.testngproj.NewTest -->
